<?xml version="1.0" encoding="UTF-8"?>
<!-- Generated by org.testng.reporters.JUnitReportReporter -->
<testsuite hostname="DilipPatel-pc" name="com.dnl.test.milestone1.TestCasesOne" tests="1" failures="0" timestamp="1 Aug 2016 16:28:53 GMT" time="125.440" errors="0">
  <testcase name="EnterTemplateNameAndSave" time="125.440" classname="com.dnl.test.milestone1.TestCasesOne"/>
</testsuite> <!-- com.dnl.test.milestone1.TestCasesOne -->
