<?xml version="1.0" encoding="UTF-8"?>
<!-- Generated by org.testng.reporters.JUnitReportReporter -->
<testsuite hostname="DilipPatel-pc" name="com.dnl.test.sample.DenovoLabTest" tests="1" failures="0" timestamp="4 Aug 2016 18:41:19 GMT" time="87.921" errors="0">
  <testcase name="testgui" time="87.921" classname="com.dnl.test.sample.DenovoLabTest"/>
</testsuite> <!-- com.dnl.test.sample.DenovoLabTest -->
